<html>
<head>
<title>TestNG:  HomeLoan Enquiry</title>
<link href="../testng.css" rel="stylesheet" type="text/css" />
<link href="../my-testng.css" rel="stylesheet" type="text/css" />

<style type="text/css">
.log { display: none;} 
.stack-trace { display: none;} 
</style>
<script type="text/javascript">
<!--
function flip(e) {
  current = e.style.display;
  if (current == 'block') {
    e.style.display = 'none';
    return 0;
  }
  else {
    e.style.display = 'block';
    return 1;
  }
}

function toggleBox(szDivId, elem, msg1, msg2)
{
  var res = -1;  if (document.getElementById) {
    res = flip(document.getElementById(szDivId));
  }
  else if (document.all) {
    // this is the way old msie versions work
    res = flip(document.all[szDivId]);
  }
  if(elem) {
    if(res == 0) elem.innerHTML = msg1; else elem.innerHTML = msg2;
  }

}

function toggleAllBoxes() {
  if (document.getElementsByTagName) {
    d = document.getElementsByTagName('div');
    for (i = 0; i < d.length; i++) {
      if (d[i].className == 'log') {
        flip(d[i]);
      }
    }
  }
}

// -->
</script>

</head>
<body>
<h2 align='center'>HomeLoan Enquiry</h2><table border='1' align="center">
<tr>
<td>Tests passed/Failed/Skipped:</td><td>7/2/0</td>
</tr><tr>
<td>Started on:</td><td>Sat Mar 30 10:19:59 IST 2019</td>
</tr>
<tr><td>Total time:</td><td>0 seconds (105 ms)</td>
</tr><tr>
<td>Included groups:</td><td></td>
</tr><tr>
<td>Excluded groups:</td><td></td>
</tr>
</table><p/>
<small><i>(Hover the method name to see the test class name)</i></small><p/>
<table width='100%' border='1' class='invocation-failed'>
<tr><td colspan='4' align='center'><b>FAILED TESTS</b></td></tr>
<tr><td><b>Test method</b></td>
<td width="30%"><b>Exception</b></td>
<td width="10%"><b>Time (seconds)</b></td>
<td><b>Instance</b></td>
</tr>
<tr>
<td title='TestngXML_Package.Login.ParameterTest()'><b>ParameterTest</b><br>Test class: TestngXML_Package.Login</td>
<td><div><pre>org.testng.TestNGException: 
Parameter &apos;WebsiteURL&apos; is required by @Test on method ParameterTest but has not been marked @Optional or defined
in C:\Users\dsharman2\Sample-workspace\Introduction_to_TestNG\testng to Paramaterize through XML File.xml
... Removed 23 stack frames</pre></div><a href='#' onClick='toggleBox("stack-trace1740189450", this, "Click to show all stack frames", "Click to hide stack frames")'>Click to show all stack frames</a>
<div class='stack-trace' id='stack-trace1740189450'><pre>org.testng.TestNGException: 
Parameter &apos;WebsiteURL&apos; is required by @Test on method ParameterTest but has not been marked @Optional or defined
in C:\Users\dsharman2\Sample-workspace\Introduction_to_TestNG\testng to Paramaterize through XML File.xml
	at org.testng.internal.Parameters.createParameters(Parameters.java:199)
	at org.testng.internal.Parameters.createParameters(Parameters.java:443)
	at org.testng.internal.Parameters.handleParameters(Parameters.java:569)
	at org.testng.internal.Invoker.handleParameters(Invoker.java:1308)
	at org.testng.internal.Invoker.createParameters(Invoker.java:1036)
	at org.testng.internal.Invoker.invokeTestMethods(Invoker.java:1126)
	at org.testng.internal.TestMethodWorker.invokeTestMethods(TestMethodWorker.java:126)
	at org.testng.internal.TestMethodWorker.run(TestMethodWorker.java:109)
	at org.testng.TestRunner.privateRun(TestRunner.java:744)
	at org.testng.TestRunner.run(TestRunner.java:602)
	at org.testng.SuiteRunner.runTest(SuiteRunner.java:380)
	at org.testng.SuiteRunner.runSequentially(SuiteRunner.java:375)
	at org.testng.SuiteRunner.privateRun(SuiteRunner.java:340)
	at org.testng.SuiteRunner.run(SuiteRunner.java:289)
	at org.testng.SuiteRunnerWorker.runSuite(SuiteRunnerWorker.java:52)
	at org.testng.SuiteRunnerWorker.run(SuiteRunnerWorker.java:86)
	at org.testng.TestNG.runSuitesSequentially(TestNG.java:1301)
	at org.testng.TestNG.runSuitesLocally(TestNG.java:1226)
	at org.testng.TestNG.runSuites(TestNG.java:1144)
	at org.testng.TestNG.run(TestNG.java:1115)
	at org.testng.remote.AbstractRemoteTestNG.run(AbstractRemoteTestNG.java:114)
	at org.testng.remote.RemoteTestNG.initAndRun(RemoteTestNG.java:251)
	at org.testng.remote.RemoteTestNG.main(RemoteTestNG.java:77)
</pre></div></td>
<td>0</td>
<td>TestngXML_Package.Login@215be6bb</td></tr>
<tr>
<td title='TestngXML_Package.HomeLoan.ParameterTest()'><b>ParameterTest</b><br>Test class: TestngXML_Package.HomeLoan</td>
<td><div><pre>org.testng.TestNGException: 
Parameter &apos;HomeLoanURL&apos; is required by @Test on method ParameterTest but has not been marked @Optional or defined
in C:\Users\dsharman2\Sample-workspace\Introduction_to_TestNG\testng to Paramaterize through XML File.xml
... Removed 23 stack frames</pre></div><a href='#' onClick='toggleBox("stack-trace2142003995", this, "Click to show all stack frames", "Click to hide stack frames")'>Click to show all stack frames</a>
<div class='stack-trace' id='stack-trace2142003995'><pre>org.testng.TestNGException: 
Parameter &apos;HomeLoanURL&apos; is required by @Test on method ParameterTest but has not been marked @Optional or defined
in C:\Users\dsharman2\Sample-workspace\Introduction_to_TestNG\testng to Paramaterize through XML File.xml
	at org.testng.internal.Parameters.createParameters(Parameters.java:199)
	at org.testng.internal.Parameters.createParameters(Parameters.java:443)
	at org.testng.internal.Parameters.handleParameters(Parameters.java:569)
	at org.testng.internal.Invoker.handleParameters(Invoker.java:1308)
	at org.testng.internal.Invoker.createParameters(Invoker.java:1036)
	at org.testng.internal.Invoker.invokeTestMethods(Invoker.java:1126)
	at org.testng.internal.TestMethodWorker.invokeTestMethods(TestMethodWorker.java:126)
	at org.testng.internal.TestMethodWorker.run(TestMethodWorker.java:109)
	at org.testng.TestRunner.privateRun(TestRunner.java:744)
	at org.testng.TestRunner.run(TestRunner.java:602)
	at org.testng.SuiteRunner.runTest(SuiteRunner.java:380)
	at org.testng.SuiteRunner.runSequentially(SuiteRunner.java:375)
	at org.testng.SuiteRunner.privateRun(SuiteRunner.java:340)
	at org.testng.SuiteRunner.run(SuiteRunner.java:289)
	at org.testng.SuiteRunnerWorker.runSuite(SuiteRunnerWorker.java:52)
	at org.testng.SuiteRunnerWorker.run(SuiteRunnerWorker.java:86)
	at org.testng.TestNG.runSuitesSequentially(TestNG.java:1301)
	at org.testng.TestNG.runSuitesLocally(TestNG.java:1226)
	at org.testng.TestNG.runSuites(TestNG.java:1144)
	at org.testng.TestNG.run(TestNG.java:1115)
	at org.testng.remote.AbstractRemoteTestNG.run(AbstractRemoteTestNG.java:114)
	at org.testng.remote.RemoteTestNG.initAndRun(RemoteTestNG.java:251)
	at org.testng.remote.RemoteTestNG.main(RemoteTestNG.java:77)
</pre></div></td>
<td>0</td>
<td>TestngXML_Package.HomeLoan@4439f31e</td></tr>
</table><p>
<table width='100%' border='1' class='invocation-passed'>
<tr><td colspan='4' align='center'><b>PASSED TESTS</b></td></tr>
<tr><td><b>Test method</b></td>
<td width="30%"><b>Exception</b></td>
<td width="10%"><b>Time (seconds)</b></td>
<td><b>Instance</b></td>
</tr>
<tr>
<td title='TestngXML_Package.HomeLoan.APIHomeLoan()'><b>APIHomeLoan</b><br>Test class: TestngXML_Package.HomeLoan</td>
<td></td>
<td>0</td>
<td>TestngXML_Package.HomeLoan@4439f31e</td></tr>
<tr>
<td title='TestngXML_Package.Login.APILogIn()'><b>APILogIn</b><br>Test class: TestngXML_Package.Login</td>
<td></td>
<td>0</td>
<td>TestngXML_Package.Login@215be6bb</td></tr>
<tr>
<td title='TestngXML_Package.HomeLoan.MobileHomeLoan()'><b>MobileHomeLoan</b><br>Test class: TestngXML_Package.HomeLoan</td>
<td></td>
<td>0</td>
<td>TestngXML_Package.HomeLoan@4439f31e</td></tr>
<tr>
<td title='TestngXML_Package.Login.MobileLogIn()'><b>MobileLogIn</b><br>Test class: TestngXML_Package.Login</td>
<td></td>
<td>0</td>
<td>TestngXML_Package.Login@215be6bb</td></tr>
<tr>
<td title='TestngXML_Package.Login.WebLogIn()'><b>WebLogIn</b><br>Test class: TestngXML_Package.Login</td>
<td></td>
<td>0</td>
<td>TestngXML_Package.Login@215be6bb</td></tr>
<tr>
<td title='TestngXML_Package.Logout.WebLogout()'><b>WebLogout</b><br>Test class: TestngXML_Package.Logout</td>
<td></td>
<td>0</td>
<td>TestngXML_Package.Logout@32d992b2</td></tr>
<tr>
<td title='TestngXML_Package.HomeLoan.WebPersonalLoan()'><b>WebPersonalLoan</b><br>Test class: TestngXML_Package.HomeLoan</td>
<td></td>
<td>0</td>
<td>TestngXML_Package.HomeLoan@4439f31e</td></tr>
</table><p>
</body>
</html>