<?xml version="1.0" encoding="UTF-8"?>
<!-- Generated by org.testng.reporters.JUnitXMLReporter -->
<testsuite hostname="IN5CG6434YRX" ignored="4" name="VehicleLoan Enquiry" tests="10" failures="2" timestamp="30 Mar 2019 04:49:59 GMT" time="0.153" errors="0">
  <testcase name="APILogIn" time="0.01" classname="TestngXML_Package.Login"/>
  <testcase name="MobileLogIn" time="0.003" classname="TestngXML_Package.Login"/>
  <testcase name="ParameterTest" time="0.0" classname="TestngXML_Package.Login">
    <failure type="org.testng.TestNGException" message="
Parameter &amp;apos;WebsiteURL&amp;apos; is required by @Test on method ParameterTest but has not been marked @Optional or defined
in C:\Users\dsharman2\Sample-workspace\Introduction_to_TestNG\testng to Paramaterize through XML File.xml">
      <![CDATA[org.testng.TestNGException: 
Parameter 'WebsiteURL' is required by @Test on method ParameterTest but has not been marked @Optional or defined
in C:\Users\dsharman2\Sample-workspace\Introduction_to_TestNG\testng to Paramaterize through XML File.xml
... Removed 23 stack frames]]>
    </failure>
  </testcase> <!-- ParameterTest -->
  <testcase name="WebLogIn" time="0.003" classname="TestngXML_Package.Login"/>
  <testcase name="MobileVehicleLoan" time="0.002" classname="TestngXML_Package.VehicleLoan"/>
  <testcase name="ParameterTest" time="0.0" classname="TestngXML_Package.VehicleLoan">
    <failure type="org.testng.TestNGException" message="
Parameter &amp;apos;VehicleLoanURL&amp;apos; is required by @Test on method ParameterTest but has not been marked @Optional or defined
in C:\Users\dsharman2\Sample-workspace\Introduction_to_TestNG\testng to Paramaterize through XML File.xml">
      <![CDATA[org.testng.TestNGException: 
Parameter 'VehicleLoanURL' is required by @Test on method ParameterTest but has not been marked @Optional or defined
in C:\Users\dsharman2\Sample-workspace\Introduction_to_TestNG\testng to Paramaterize through XML File.xml
... Removed 23 stack frames]]>
    </failure>
  </testcase> <!-- ParameterTest -->
  <testcase name="WebVehicleLoan" time="0.002" classname="TestngXML_Package.VehicleLoan"/>
  <testcase name="DummyMethod" time="0.039" classname="TestngXML_Package.VehicleLoan"/>
  <testcase name="APIVehicleLoan" time="0.002" classname="TestngXML_Package.VehicleLoan"/>
  <testcase name="WebLogout" time="0.002" classname="TestngXML_Package.Logout"/>
  <testcase name="MobileLogout" time="0.0" classname="TestngXML_Package.Logout">
    <ignored/>
  </testcase> <!-- MobileLogout -->
  <testcase name="APILogout" time="0.0" classname="TestngXML_Package.Logout">
    <ignored/>
  </testcase> <!-- APILogout -->
  <testcase name="MobileSignOut" time="0.0" classname="TestngXML_Package.Logout">
    <ignored/>
  </testcase> <!-- MobileSignOut -->
  <testcase name="MobileSignIn" time="0.0" classname="TestngXML_Package.Login">
    <ignored/>
  </testcase> <!-- MobileSignIn -->
</testsuite> <!-- VehicleLoan Enquiry -->
