<?xml version="1.0" encoding="UTF-8"?>
<!-- Generated by org.testng.reporters.JUnitReportReporter -->
<testsuite skipped="0" hostname="IN5CG6434YRX" name="TestngXML_Package.HomeLoan" tests="4" failures="0" timestamp="30 Mar 2019 04:50:00 GMT" time="0.009" errors="1">
  <testcase name="WebPersonalLoan" time="0.004" classname="TestngXML_Package.HomeLoan"/>
  <testcase name="ParameterTest" time="0.000" classname="TestngXML_Package.HomeLoan">
    <error type="org.testng.TestNGException" message="
Parameter &#039;HomeLoanURL&#039; is required by @Test on method ParameterTest but has not been marked @Optional or defined
in C:\Users\dsharman2\Sample-workspace\Introduction_to_TestNG\testng to Paramaterize through XML File.xml">
      <![CDATA[org.testng.TestNGException: 
Parameter 'HomeLoanURL' is required by @Test on method ParameterTest but has not been marked @Optional or defined
in C:\Users\dsharman2\Sample-workspace\Introduction_to_TestNG\testng to Paramaterize through XML File.xml
	at org.testng.internal.Parameters.createParameters(Parameters.java:199)
	at org.testng.internal.Parameters.createParameters(Parameters.java:443)
	at org.testng.internal.Parameters.handleParameters(Parameters.java:569)
	at org.testng.internal.Invoker.handleParameters(Invoker.java:1308)
	at org.testng.internal.Invoker.createParameters(Invoker.java:1036)
	at org.testng.internal.Invoker.invokeTestMethods(Invoker.java:1126)
	at org.testng.internal.TestMethodWorker.invokeTestMethods(TestMethodWorker.java:126)
	at org.testng.internal.TestMethodWorker.run(TestMethodWorker.java:109)
	at org.testng.TestRunner.privateRun(TestRunner.java:744)
	at org.testng.TestRunner.run(TestRunner.java:602)
	at org.testng.SuiteRunner.runTest(SuiteRunner.java:380)
	at org.testng.SuiteRunner.runSequentially(SuiteRunner.java:375)
	at org.testng.SuiteRunner.privateRun(SuiteRunner.java:340)
	at org.testng.SuiteRunner.run(SuiteRunner.java:289)
	at org.testng.SuiteRunnerWorker.runSuite(SuiteRunnerWorker.java:52)
	at org.testng.SuiteRunnerWorker.run(SuiteRunnerWorker.java:86)
	at org.testng.TestNG.runSuitesSequentially(TestNG.java:1301)
	at org.testng.TestNG.runSuitesLocally(TestNG.java:1226)
	at org.testng.TestNG.runSuites(TestNG.java:1144)
	at org.testng.TestNG.run(TestNG.java:1115)
	at org.testng.remote.AbstractRemoteTestNG.run(AbstractRemoteTestNG.java:114)
	at org.testng.remote.RemoteTestNG.initAndRun(RemoteTestNG.java:251)
	at org.testng.remote.RemoteTestNG.main(RemoteTestNG.java:77)
]]>
    </error>
  </testcase> <!-- ParameterTest -->
  <testcase name="MobileHomeLoan" time="0.002" classname="TestngXML_Package.HomeLoan"/>
  <testcase name="APIHomeLoan" time="0.003" classname="TestngXML_Package.HomeLoan"/>
</testsuite> <!-- TestngXML_Package.HomeLoan -->
